# JRE version: OpenJDK Runtime Environment (8.0_171-b11) (build 1.8.0_171-8u171-b11-2-b11)
# Java VM: OpenJDK 64-Bit Server VM (25.171-b11 mixed mode linux-amd64 compressed oops)
Heap:
 PSYoungGen      total 140800K, used 2820K [0x00000000d7200000, 0x00000000e1800000, 0x0000000100000000)
  eden space 117760K, 2% used [0x00000000d7200000,0x00000000d74c13c8,0x00000000de500000)
  from space 23040K, 0% used [0x00000000e0000000,0x00000000e0000000,0x00000000e1680000)
  to   space 26112K, 0% used [0x00000000de500000,0x00000000de500000,0x00000000dfe80000)
 ParOldGen       total 87040K, used 37172K [0x0000000085600000, 0x000000008ab00000, 0x00000000d7200000)
  object space 87040K, 42% used [0x0000000085600000,0x0000000087a4d2a0,0x000000008ab00000)
 Metaspace       used 20246K, capacity 20730K, committed 21248K, reserved 1069056K
  class space    used 2210K, capacity 2391K, committed 2560K, reserved 1048576K
GC Heap History (10 events):
Event: 9,838 GC heap before
{Heap before GC invocations=3 (full 0):
 PSYoungGen      total 68608K, used 68592K [0x00000000d7200000, 0x00000000dba00000, 0x0000000100000000)
  eden space 63488K, 100% used [0x00000000d7200000,0x00000000db000000,0x00000000db000000)
  from space 5120K, 99% used [0x00000000db500000,0x00000000db9fc030,0x00000000dba00000)
  to   space 5120K, 0% used [0x00000000db000000,0x00000000db000000,0x00000000db500000)
 ParOldGen       total 84992K, used 9062K [0x0000000085600000, 0x000000008a900000, 0x00000000d7200000)
  object space 84992K, 10% used [0x0000000085600000,0x0000000085ed9b70,0x000000008a900000)
 Metaspace       used 19552K, capacity 20078K, committed 20352K, reserved 1067008K
  class space    used 2168K, capacity 2337K, committed 2432K, reserved 1048576K
Event: 9,862 GC heap after
Heap after GC invocations=3 (full 0):
 PSYoungGen      total 68608K, used 5098K [0x00000000d7200000, 0x00000000df800000, 0x0000000100000000)
  eden space 63488K, 0% used [0x00000000d7200000,0x00000000d7200000,0x00000000db000000)
  from space 5120K, 99% used [0x00000000db000000,0x00000000db4fa940,0x00000000db500000)
  to   space 5120K, 0% used [0x00000000df300000,0x00000000df300000,0x00000000df800000)
 ParOldGen       total 84992K, used 17641K [0x0000000085600000, 0x000000008a900000, 0x00000000d7200000)
  object space 84992K, 20% used [0x0000000085600000,0x000000008673a6a8,0x000000008a900000)
 Metaspace       used 19552K, capacity 20078K, committed 20352K, reserved 1067008K
  class space    used 2168K, capacity 2337K, committed 2432K, reserved 1048576K
}
Event: 222,292 GC heap before
{Heap before GC invocations=4 (full 0):
 PSYoungGen      total 68608K, used 68586K [0x00000000d7200000, 0x00000000df800000, 0x0000000100000000)
  eden space 63488K, 100% used [0x00000000d7200000,0x00000000db000000,0x00000000db000000)
  from space 5120K, 99% used [0x00000000db000000,0x00000000db4fa940,0x00000000db500000)
  to   space 5120K, 0% used [0x00000000df300000,0x00000000df300000,0x00000000df800000)
 ParOldGen       total 84992K, used 17641K [0x0000000085600000, 0x000000008a900000, 0x00000000d7200000)
  object space 84992K, 20% used [0x0000000085600000,0x000000008673a6a8,0x000000008a900000)
 Metaspace       used 19946K, capacity 20434K, committed 20608K, reserved 1067008K
  class space    used 2194K, capacity 2343K, committed 2432K, reserved 1048576K
Event: 222,302 GC heap after
Heap after GC invocations=4 (full 0):
 PSYoungGen      total 132096K, used 5098K [0x00000000d7200000, 0x00000000df800000, 0x0000000100000000)
  eden space 126976K, 0% used [0x00000000d7200000,0x00000000d7200000,0x00000000dee00000)
  from space 5120K, 99% used [0x00000000df300000,0x00000000df7fa920,0x00000000df800000)
  to   space 5120K, 0% used [0x00000000dee00000,0x00000000dee00000,0x00000000df300000)
 ParOldGen       total 84992K, used 19080K [0x0000000085600000, 0x000000008a900000, 0x00000000d7200000)
  object space 84992K, 22% used [0x0000000085600000,0x00000000868a2070,0x000000008a900000)
 Metaspace       used 19946K, capacity 20434K, committed 20608K, reserved 1067008K
  class space    used 2194K, capacity 2343K, committed 2432K, reserved 1048576K
}
Event: 312,843 GC heap before
{Heap before GC invocations=5 (full 0):
 PSYoungGen      total 132096K, used 132074K [0x00000000d7200000, 0x00000000df800000, 0x0000000100000000)
  eden space 126976K, 100% used [0x00000000d7200000,0x00000000dee00000,0x00000000dee00000)
  from space 5120K, 99% used [0x00000000df300000,0x00000000df7fa920,0x00000000df800000)
  to   space 5120K, 0% used [0x00000000dee00000,0x00000000dee00000,0x00000000df300000)
 ParOldGen       total 84992K, used 19080K [0x0000000085600000, 0x000000008a900000, 0x00000000d7200000)
  object space 84992K, 22% used [0x0000000085600000,0x00000000868a2070,0x000000008a900000)
 Metaspace       used 20237K, capacity 20874K, committed 21248K, reserved 1069056K
  class space    used 2224K, capacity 2435K, committed 2560K, reserved 1048576K
Event: 312,858 GC heap after
Heap after GC invocations=5 (full 0):
 PSYoungGen      total 127488K, used 5114K [0x00000000d7200000, 0x00000000e1680000, 0x0000000100000000)
  eden space 122368K, 0% used [0x00000000d7200000,0x00000000d7200000,0x00000000de980000)
  from space 5120K, 99% used [0x00000000dee00000,0x00000000df2fe930,0x00000000df300000)
  to   space 23040K, 0% used [0x00000000e0000000,0x00000000e0000000,0x00000000e1680000)
 ParOldGen       total 84992K, used 35000K [0x0000000085600000, 0x000000008a900000, 0x00000000d7200000)
  object space 84992K, 41% used [0x0000000085600000,0x000000008782e3d0,0x000000008a900000)
 Metaspace       used 20237K, capacity 20874K, committed 21248K, reserved 1069056K
  class space    used 2224K, capacity 2435K, committed 2560K, reserved 1048576K
}
Event: 353,320 GC heap before
{Heap before GC invocations=6 (full 0):
 PSYoungGen      total 127488K, used 120011K [0x00000000d7200000, 0x00000000e1680000, 0x0000000100000000)
  eden space 122368K, 93% used [0x00000000d7200000,0x00000000de234540,0x00000000de980000)
  from space 5120K, 99% used [0x00000000dee00000,0x00000000df2fe930,0x00000000df300000)
  to   space 23040K, 0% used [0x00000000e0000000,0x00000000e0000000,0x00000000e1680000)
 ParOldGen       total 84992K, used 35000K [0x0000000085600000, 0x000000008a900000, 0x00000000d7200000)
  object space 84992K, 41% used [0x0000000085600000,0x000000008782e3d0,0x000000008a900000)
 Metaspace       used 20445K, capacity 21200K, committed 21248K, reserved 1069056K
  class space    used 2252K, capacity 2521K, committed 2560K, reserved 1048576K
Event: 353,342 GC heap after
Heap after GC invocations=6 (full 0):
 PSYoungGen      total 140800K, used 20946K [0x00000000d7200000, 0x00000000e1800000, 0x0000000100000000)
  eden space 117760K, 0% used [0x00000000d7200000,0x00000000d7200000,0x00000000de500000)
  from space 23040K, 90% used [0x00000000e0000000,0x00000000e1474ae8,0x00000000e1680000)
  to   space 26112K, 0% used [0x00000000de500000,0x00000000de500000,0x00000000dfe80000)
 ParOldGen       total 84992K, used 35008K [0x0000000085600000, 0x000000008a900000, 0x00000000d7200000)
  object space 84992K, 41% used [0x0000000085600000,0x00000000878303d0,0x000000008a900000)
 Metaspace       used 20445K, capacity 21200K, committed 21248K, reserved 1069056K
  class space    used 2252K, capacity 2521K, committed 2560K, reserved 1048576K
}
Event: 353,342 GC heap before
{Heap before GC invocations=7 (full 1):
 PSYoungGen      total 140800K, used 20946K [0x00000000d7200000, 0x00000000e1800000, 0x0000000100000000)
  eden space 117760K, 0% used [0x00000000d7200000,0x00000000d7200000,0x00000000de500000)
  from space 23040K, 90% used [0x00000000e0000000,0x00000000e1474ae8,0x00000000e1680000)
  to   space 26112K, 0% used [0x00000000de500000,0x00000000de500000,0x00000000dfe80000)
 ParOldGen       total 84992K, used 35008K [0x0000000085600000, 0x000000008a900000, 0x00000000d7200000)
  object space 84992K, 41% used [0x0000000085600000,0x00000000878303d0,0x000000008a900000)
 Metaspace       used 20445K, capacity 21200K, committed 21248K, reserved 1069056K
  class space    used 2252K, capacity 2521K, committed 2560K, reserved 1048576K
Event: 353,420 GC heap after
Heap after GC invocations=7 (full 1):
 PSYoungGen      total 140800K, used 0K [0x00000000d7200000, 0x00000000e1800000, 0x0000000100000000)
  eden space 117760K, 0% used [0x00000000d7200000,0x00000000d7200000,0x00000000de500000)
  from space 23040K, 0% used [0x00000000e0000000,0x00000000e0000000,0x00000000e1680000)
  to   space 26112K, 0% used [0x00000000de500000,0x00000000de500000,0x00000000dfe80000)
 ParOldGen       total 87040K, used 37172K [0x0000000085600000, 0x000000008ab00000, 0x00000000d7200000)
  object space 87040K, 42% used [0x0000000085600000,0x0000000087a4d2a0,0x000000008ab00000)
 Metaspace       used 20224K, capacity 20632K, committed 21248K, reserved 1069056K
  class space    used 2204K, capacity 2357K, committed 2560K, reserved 1048576K
}

